<?xml version="1.0" encoding="UTF-8"?>
<testng-results skipped="2" failed="0" ignored="0" total="6" passed="4">
  <reporter-output>
    <line>
      <![CDATA[<br>Verification failure :expected [abc] but found [xyz]<br>]]>
    </line>
    <line>
      <![CDATA[<a target="_blank" href=Mon_Mar_23_19_16_34_IST_2020.jpg><img src=Mon_Mar_23_19_16_34_IST_2020.jpg height= 200 width = 200</img></a>]]>
    </line>
    <line>
      <![CDATA[<br>]]>
    </line>
  </reporter-output>
  <suite name="Data Driven Test" duration-ms="9831" started-at="2020-03-23T19:16:33 IST" finished-at="2020-03-23T19:16:43 IST">
    <groups>
    </groups>
    <test name="Bank Manager Login Test" duration-ms="1540" started-at="2020-03-23T19:16:33 IST" finished-at="2020-03-23T19:16:35 IST">
      <class name="com.pradeep.testcases.BankManagerLoginTest">
        <test-method status="PASS" signature="bankManagerLoginTest()[pri:0, instance:com.pradeep.testcases.BankManagerLoginTest@355ce81c]" name="bankManagerLoginTest" duration-ms="839" started-at="2020-03-23T19:16:33 IST" finished-at="2020-03-23T19:16:34 IST">
          <reporter-output>
            <line>
              <![CDATA[<br>Verification failure :expected [abc] but found [xyz]<br>]]>
            </line>
            <line>
              <![CDATA[<a target="_blank" href=Mon_Mar_23_19_16_34_IST_2020.jpg><img src=Mon_Mar_23_19_16_34_IST_2020.jpg height= 200 width = 200</img></a>]]>
            </line>
            <line>
              <![CDATA[<br>]]>
            </line>
          </reporter-output>
        </test-method> <!-- bankManagerLoginTest -->
      </class> <!-- com.pradeep.testcases.BankManagerLoginTest -->
    </test> <!-- Bank Manager Login Test -->
    <test name="Add Customer Test" duration-ms="3808" started-at="2020-03-23T19:16:37 IST" finished-at="2020-03-23T19:16:41 IST">
      <class name="com.pradeep.testcases.AddCustomerTest">
        <test-method status="PASS" signature="addCustomerTest(java.util.Hashtable)[pri:0, instance:com.pradeep.testcases.AddCustomerTest@59af0466]" name="addCustomerTest" duration-ms="1907" started-at="2020-03-23T19:16:37 IST" data-provider="dataProvider" finished-at="2020-03-23T19:16:39 IST">
          <params>
            <param index="0">
              <value>
                <![CDATA[{postCode=560090.0, lastName=Kumar, Runmode=Y, firstName=Pradeep, alertText=Customer added successfully}]]>
              </value>
            </param>
          </params>
          <reporter-output>
          </reporter-output>
        </test-method> <!-- addCustomerTest -->
        <test-method status="PASS" signature="addCustomerTest(java.util.Hashtable)[pri:0, instance:com.pradeep.testcases.AddCustomerTest@59af0466]" name="addCustomerTest" duration-ms="705" started-at="2020-03-23T19:16:39 IST" data-provider="dataProvider" finished-at="2020-03-23T19:16:40 IST">
          <params>
            <param index="0">
              <value>
                <![CDATA[{postCode=560090.0, lastName=Kumar, Runmode=Y, firstName=Sandeep, alertText=Customer added successfully}]]>
              </value>
            </param>
          </params>
          <reporter-output>
          </reporter-output>
        </test-method> <!-- addCustomerTest -->
        <test-method status="PASS" signature="addCustomerTest(java.util.Hashtable)[pri:0, instance:com.pradeep.testcases.AddCustomerTest@59af0466]" name="addCustomerTest" duration-ms="703" started-at="2020-03-23T19:16:40 IST" data-provider="dataProvider" finished-at="2020-03-23T19:16:41 IST">
          <params>
            <param index="0">
              <value>
                <![CDATA[{postCode=560090.0, lastName=Kumar, Runmode=Y, firstName=Pavan, alertText=Customer added successfully}]]>
              </value>
            </param>
          </params>
          <reporter-output>
          </reporter-output>
        </test-method> <!-- addCustomerTest -->
        <test-method status="SKIP" signature="addCustomerTest(java.util.Hashtable)[pri:0, instance:com.pradeep.testcases.AddCustomerTest@59af0466]" name="addCustomerTest" duration-ms="2" started-at="2020-03-23T19:16:41 IST" data-provider="dataProvider" finished-at="2020-03-23T19:16:41 IST">
          <params>
            <param index="0">
              <value>
                <![CDATA[{postCode=560090.0, lastName=Kumar, Runmode=N, firstName=Gagan, alertText=Customer added successfully}]]>
              </value>
            </param>
          </params>
          <exception class="org.testng.SkipException">
            <message>
              <![CDATA[Skipping the test case as the run mode is N]]>
            </message>
            <full-stacktrace>
              <![CDATA[org.testng.SkipException: Skipping the test case as the run mode is N
at com.pradeep.testcases.AddCustomerTest.addCustomerTest(AddCustomerTest.java:18)
at sun.reflect.NativeMethodAccessorImpl.invoke0(Native Method)
at sun.reflect.NativeMethodAccessorImpl.invoke(NativeMethodAccessorImpl.java:62)
at sun.reflect.DelegatingMethodAccessorImpl.invoke(DelegatingMethodAccessorImpl.java:43)
at java.lang.reflect.Method.invoke(Method.java:498)
at org.testng.internal.MethodInvocationHelper.invokeMethod(MethodInvocationHelper.java:134)
at org.testng.internal.TestInvoker.invokeMethod(TestInvoker.java:597)
at org.testng.internal.TestInvoker.invokeTestMethod(TestInvoker.java:173)
at org.testng.internal.MethodRunner.runInSequence(MethodRunner.java:46)
at org.testng.internal.TestInvoker$MethodInvocationAgent.invoke(TestInvoker.java:816)
at org.testng.internal.TestInvoker.invokeTestMethods(TestInvoker.java:146)
at org.testng.internal.TestMethodWorker.invokeTestMethods(TestMethodWorker.java:146)
at org.testng.internal.TestMethodWorker.run(TestMethodWorker.java:128)
at java.util.ArrayList.forEach(ArrayList.java:1257)
at org.testng.TestRunner.privateRun(TestRunner.java:766)
at org.testng.TestRunner.run(TestRunner.java:587)
at org.testng.SuiteRunner.runTest(SuiteRunner.java:384)
at org.testng.SuiteRunner.runSequentially(SuiteRunner.java:378)
at org.testng.SuiteRunner.privateRun(SuiteRunner.java:337)
at org.testng.SuiteRunner.run(SuiteRunner.java:286)
at org.testng.SuiteRunnerWorker.runSuite(SuiteRunnerWorker.java:53)
at org.testng.SuiteRunnerWorker.run(SuiteRunnerWorker.java:96)
at org.testng.TestNG.runSuitesSequentially(TestNG.java:1187)
at org.testng.TestNG.runSuitesLocally(TestNG.java:1109)
at org.testng.TestNG.runSuites(TestNG.java:1039)
at org.testng.TestNG.run(TestNG.java:1007)
at org.apache.maven.surefire.testng.TestNGExecutor.run(TestNGExecutor.java:295)
at org.apache.maven.surefire.testng.TestNGXmlTestSuite.execute(TestNGXmlTestSuite.java:84)
at org.apache.maven.surefire.testng.TestNGProvider.invoke(TestNGProvider.java:90)
at org.apache.maven.surefire.booter.ForkedBooter.invokeProviderInSameClassLoader(ForkedBooter.java:203)
at org.apache.maven.surefire.booter.ForkedBooter.runSuitesInProcess(ForkedBooter.java:155)
at org.apache.maven.surefire.booter.ForkedBooter.main(ForkedBooter.java:103)
]]>
            </full-stacktrace>
          </exception> <!-- org.testng.SkipException -->
          <reporter-output>
          </reporter-output>
        </test-method> <!-- addCustomerTest -->
      </class> <!-- com.pradeep.testcases.AddCustomerTest -->
    </test> <!-- Add Customer Test -->
    <test name="Open Account Test" duration-ms="73" started-at="2020-03-23T19:16:43 IST" finished-at="2020-03-23T19:16:43 IST">
      <class name="com.pradeep.testcases.OpenAccountTest">
        <test-method status="PASS" signature="setUp()[pri:0, instance:com.pradeep.testcases.OpenAccountTest@2cd2a21f]" name="setUp" is-config="true" duration-ms="19246" started-at="2020-03-23T19:16:14 IST" finished-at="2020-03-23T19:16:33 IST">
          <reporter-output>
          </reporter-output>
        </test-method> <!-- setUp -->
        <test-method status="SKIP" signature="openAccountTest(java.util.Hashtable)[pri:0, instance:com.pradeep.testcases.OpenAccountTest@2cd2a21f]" name="openAccountTest" duration-ms="0" started-at="2020-03-23T19:16:43 IST" data-provider="dataProvider" finished-at="2020-03-23T19:16:43 IST">
          <params>
            <param index="0">
              <value>
                <![CDATA[{currency=Rupee, customerName=Pradeep Kumar}]]>
              </value>
            </param>
          </params>
          <exception class="org.testng.SkipException">
            <message>
              <![CDATA[Skipping the testOPENACCOUNTTEST as the Run mode is not true]]>
            </message>
            <full-stacktrace>
              <![CDATA[org.testng.SkipException: Skipping the testOPENACCOUNTTEST as the Run mode is not true
at com.pradeep.listeners.CustomListeners.onTestStart(CustomListeners.java:87)
at org.testng.internal.TestListenerHelper.runTestListeners(TestListenerHelper.java:73)
at org.testng.internal.TestInvoker.runTestResultListener(TestInvoker.java:219)
at org.testng.internal.TestInvoker.invokeMethod(TestInvoker.java:570)
at org.testng.internal.TestInvoker.invokeTestMethod(TestInvoker.java:173)
at org.testng.internal.MethodRunner.runInSequence(MethodRunner.java:46)
at org.testng.internal.TestInvoker$MethodInvocationAgent.invoke(TestInvoker.java:816)
at org.testng.internal.TestInvoker.invokeTestMethods(TestInvoker.java:146)
at org.testng.internal.TestMethodWorker.invokeTestMethods(TestMethodWorker.java:146)
at org.testng.internal.TestMethodWorker.run(TestMethodWorker.java:128)
at java.util.ArrayList.forEach(ArrayList.java:1257)
at org.testng.TestRunner.privateRun(TestRunner.java:766)
at org.testng.TestRunner.run(TestRunner.java:587)
at org.testng.SuiteRunner.runTest(SuiteRunner.java:384)
at org.testng.SuiteRunner.runSequentially(SuiteRunner.java:378)
at org.testng.SuiteRunner.privateRun(SuiteRunner.java:337)
at org.testng.SuiteRunner.run(SuiteRunner.java:286)
at org.testng.SuiteRunnerWorker.runSuite(SuiteRunnerWorker.java:53)
at org.testng.SuiteRunnerWorker.run(SuiteRunnerWorker.java:96)
at org.testng.TestNG.runSuitesSequentially(TestNG.java:1187)
at org.testng.TestNG.runSuitesLocally(TestNG.java:1109)
at org.testng.TestNG.runSuites(TestNG.java:1039)
at org.testng.TestNG.run(TestNG.java:1007)
at org.apache.maven.surefire.testng.TestNGExecutor.run(TestNGExecutor.java:295)
at org.apache.maven.surefire.testng.TestNGXmlTestSuite.execute(TestNGXmlTestSuite.java:84)
at org.apache.maven.surefire.testng.TestNGProvider.invoke(TestNGProvider.java:90)
at org.apache.maven.surefire.booter.ForkedBooter.invokeProviderInSameClassLoader(ForkedBooter.java:203)
at org.apache.maven.surefire.booter.ForkedBooter.runSuitesInProcess(ForkedBooter.java:155)
at org.apache.maven.surefire.booter.ForkedBooter.main(ForkedBooter.java:103)
]]>
            </full-stacktrace>
          </exception> <!-- org.testng.SkipException -->
          <reporter-output>
          </reporter-output>
        </test-method> <!-- openAccountTest -->
        <test-method status="PASS" signature="tearDown()[pri:0, instance:com.pradeep.testcases.OpenAccountTest@2cd2a21f]" name="tearDown" is-config="true" duration-ms="1162" started-at="2020-03-23T19:16:46 IST" finished-at="2020-03-23T19:16:47 IST">
          <reporter-output>
          </reporter-output>
        </test-method> <!-- tearDown -->
      </class> <!-- com.pradeep.testcases.OpenAccountTest -->
    </test> <!-- Open Account Test -->
  </suite> <!-- Data Driven Test -->
</testng-results>
